make all --print-data-base --no-builtin-variables --no-builtin-rules --question
# GNU Make 3.81
# Copyright (C) 2006  Free Software Foundation, Inc.
# This is free software; see the source for copying conditions.
# There is NO warranty; not even for MERCHANTABILITY or FITNESS FOR A
# PARTICULAR PURPOSE.

# This program built for i386-apple-darwin11.3.0

# Make data base, printed on Sun Jun 26 14:01:51 2022

# Variables

# automatic
<D = $(patsubst %/,%,$(dir $<))
# automatic
?F = $(notdir $?)
# environment
ELECTRON_NO_ATTACH_CONSOLE = 1
# makefile (from `Makefile', line 29)
SERVER = "0.0.0.0"
# environment
VSCODE_LOG_NATIVE = false
# makefile (from `Makefile', line 24)
RELATIVE = 0
# environment
NVM_INC = /Users/volker/.nvm/versions/node/v17.0.1/include/node
# automatic
?D = $(patsubst %/,%,$(dir $?))
# automatic
@D = $(patsubst %/,%,$(dir $@))
# automatic
@F = $(notdir $@)
# makefile
CURDIR := /Users/volker/Dev/volker/my_pelicat_site
# makefile
SHELL = /bin/sh
# environment
VSCODE_NLS_CONFIG = {"locale":"de","availableLanguages":{"*":"de"},"_languagePackId":"76abe230f76758c10463f0219f362aef.de","_translationsConfigFile":"/Users/volker/Library/Application Support/Code/clp/76abe230f76758c10463f0219f362aef.de/tcf.json","_cacheRoot":"/Users/volker/Library/Application Support/Code/clp/76abe230f76758c10463f0219f362aef.de","_resolvedLanguagePackCoreLocation":"/Users/volker/Library/Application Support/Code/clp/76abe230f76758c10463f0219f362aef.de/30d9c6cd9483b2cc586687151bcbcd635f373630","_corruptedFile":"/Users/volker/Library/Application Support/Code/clp/76abe230f76758c10463f0219f362aef.de/corrupted.info","_languagePackSupport":true}
# makefile (from `Makefile', line 1)
PY = 
# environment
_ = /usr/bin/make
# environment
MAVEN_HOME = /Users/volker/.sdkman/candidates/maven/current
# makefile (from `Makefile', line 1)
MAKEFILE_LIST :=  Makefile
# makefile (from `Makefile', line 11)
SSH_HOST = localhost
# makefile (from `Makefile', line 19)
DEBUG = 0
# makefile (from `Makefile', line 12)
SSH_PORT = 22
# environment
VSCODE_VERBOSE_LOGGING = true
# environment
__CFBundleIdentifier = com.microsoft.VSCode
# environment
INFOPATH = /opt/homebrew/share/info:
# environment
P9K_SSH = 0
# environment
VSCODE_IPC_HOOK_EXTHOST = /var/folders/y_/sh3qh6bj2td30hdc4x6dp9280000gn/T/vscode-ipc-3304eeeb-81b4-48b8-a98e-a8ec3174ddf7.sock
# environment
VSCODE_CWD = /Users/volker/Dev/volker/my_pelicat_site
# environment
PATH = /Users/volker/.local/share/virtualenvs/my_pelicat_site-DJ_UIFvd/bin:/opt/homebrew/opt/ruby@2.6/bin:/Users/volker/Dev/platform-tools:/Users/volker/.pyenv/shims:/Users/volker/bin:/usr/local/bin:/opt/homebrew/Cellar/pipenv/2022.5.2/libexec/tools:/opt/homebrew/opt/ruby@2.6/bin:/Users/volker/Dev/platform-tools:/Users/volker/.pyenv/shims:/Users/volker/.sdkman/candidates/maven/current/bin:/Users/volker/.sdkman/candidates/java/current/bin:/Users/volker/bin:/usr/local/bin:/Users/volker/.nvm/versions/node/v17.0.1/bin:/opt/homebrew/bin:/opt/homebrew/sbin:/usr/local/bin:/usr/bin:/bin:/usr/sbin:/sbin
# makefile (from `Makefile', line 3)
PELICANOPTS = 
# environment
LSCOLORS = Gxfxcxdxbxegedabagacad
# makefile (from `Makefile', line 2)
PELICAN = pelican
# environment
VIRTUAL_ENV = /Users/volker/.local/share/virtualenvs/my_pelicat_site-DJ_UIFvd
# environment
SDKMAN_DIR = /Users/volker/.sdkman
# environment
SDKMAN_CANDIDATES_API = https://api.sdkman.io/2
# environment
NVM_BIN = /Users/volker/.nvm/versions/node/v17.0.1/bin
# environment
SDKMAN_PLATFORM = darwinx64
# environment
VSCODE_LOG_STACK = false
# environment
ELECTRON_RUN_AS_NODE = 1
# makefile (from `Makefile', line 31)
PORT = 0
# environment
KUBECONFIG = /Users/volker/.kube/kubeconfig
# default
.FEATURES := target-specific order-only second-expansion else-if archives jobserver check-symlink
# environment
SSH_AUTH_SOCK = /var/folders/y_/sh3qh6bj2td30hdc4x6dp9280000gn/T//ssh-JJ5RJCl71y7S/agent.92532
# automatic
%F = $(notdir $%)
# makefile (from `Makefile', line 7)
OUTPUTDIR = $(BASEDIR)/output
# environment
VSCODE_PIPE_LOGGING = true
# environment
PWD = /Users/volker/Dev/volker/my_pelicat_site
# environment
HOMEBREW_CELLAR = /opt/homebrew/Cellar
# environment
SSH_AGENT_PID = 92533
# environment
ORIGINAL_XDG_CURRENT_DESKTOP = undefined
# environment
MANPATH = /Users/volker/.nvm/versions/node/v17.0.1/share/man:/opt/homebrew/share/man::
# environment
PIP_DISABLE_PIP_VERSION_CHECK = 1
# environment
VSCODE_AMD_ENTRYPOINT = vs/workbench/api/node/extensionHostProcess
# environment
HOME = /Users/volker
# default
MAKEFILEPATH = $(shell /usr/bin/xcode-select -print-path 2>/dev/null || echo /Developer)/Makefiles
# environment
VSCODE_CLI = 1
# environment
VSCODE_CODE_CACHE_PATH = /Users/volker/Library/Application Support/Code/CachedData/30d9c6cd9483b2cc586687151bcbcd635f373630
# environment
LOGNAME = volker
# environment
PIPENV_ACTIVE = 1
# environment
APPLICATION_INSIGHTS_NO_DIAGNOSTIC_CHANNEL = 1
# environment
NVM_CD_FLAGS = -q
# environment
ZSH = /Users/volker/.oh-my-zsh
# environment
VSCODE_HANDLES_UNCAUGHT_ERRORS = true
# automatic
^D = $(patsubst %/,%,$(dir $^))
# environment
XPC_FLAGS = 0x0
# environment
SDKMAN_VERSION = 5.15.0
# environment
COLORTERM = truecolor
# default
MAKE = $(MAKE_COMMAND)
# environment
LC_TERMINAL = iTerm2
# makefile (from `Makefile', line 16)
GITHUB_PAGES_BRANCH = main
# environment
SHLVL = 4
# makefile (from `Makefile', line 6)
INPUTDIR = $(BASEDIR)/content
# environment
JAVA_HOME = /Users/volker/.sdkman/candidates/java/current
# default
MAKE_VERSION := 3.81
# environment
USER = volker
# makefile
.DEFAULT_GOAL := help
# default
MAKECMDGOALS := all
# environment
TERM_SESSION_ID = w0t4p0:E37D9945-416D-42D5-BE2D-5CE156D5E310
# environment
LESS = -R
# automatic
%D = $(patsubst %/,%,$(dir $%))
# makefile (from `Makefile', line 9)
PUBLISHCONF = $(BASEDIR)/publishconf.py
# default
MAKE_COMMAND := /Library/Developer/CommandLineTools/usr/bin/make
# makefile (from `Makefile', line 5)
BASEDIR = $(CURDIR)
# environment
PYTHONDONTWRITEBYTECODE = 1
# environment
TERM_PROGRAM = iTerm.app
# default
.VARIABLES := 
# environment
TMPDIR = /var/folders/y_/sh3qh6bj2td30hdc4x6dp9280000gn/T/
# makefile (from `Makefile', line 8)
CONFFILE = $(BASEDIR)/pelicanconf.py
# automatic
*F = $(notdir $*)
# makefile (from `Makefile', line 14)
SSH_TARGET_DIR = /var/www
# environment
VSCODE_IPC_HOOK = /Users/volker/Library/Application Support/Code/1.68.1-main.sock
# makefile
MAKEFLAGS = Rrqp
# environment
MFLAGS = -Rrqp
# automatic
*D = $(patsubst %/,%,$(dir $*))
# environment
TERM_PROGRAM_VERSION = 3.4.4
# environment
NVM_DIR = /Users/volker/.nvm
# environment
XPC_SERVICE_NAME = application.com.microsoft.VSCode.39540479.39540485.98805E38-5871-40BB-A625-2B352849FC53
# environment
LC_TERMINAL_VERSION = 3.4.4
# environment
HOMEBREW_PREFIX = /opt/homebrew
# automatic
+D = $(patsubst %/,%,$(dir $+))
# automatic
+F = $(notdir $+)
# environment
ITERM_SESSION_ID = w0t4p0:E37D9945-416D-42D5-BE2D-5CE156D5E310
# environment
HOMEBREW_REPOSITORY = /opt/homebrew
# environment
COLORFGBG = 7;0
# environment
__CF_USER_TEXT_ENCODING = 0x1F5:0x0:0x3
# environment
COMMAND_MODE = unix2003
# default
MAKEFILES := 
# automatic
<F = $(notdir $<)
# environment
ITERM_PROFILE = Default
# environment
SDKMAN_CANDIDATES_DIR = /Users/volker/.sdkman/candidates
# environment
PAGER = less
# environment
LC_ALL = C
# environment
P9K_TTY = old
# automatic
^F = $(notdir $^)
# environment
PIP_PYTHON_PATH = /opt/homebrew/Cellar/pipenv/2022.5.2/libexec/bin/python3.10
# default
SUFFIXES := 
# default
.INCLUDE_DIRS = /usr/local/include
# environment
MAKELEVEL := 0
# environment
LANG = C
# environment
TERM = xterm-256color
# makefile (from `Makefile', line 13)
SSH_USER = root
# environment
_P9K_TTY = /dev/ttys011
# environment
VSCODE_PID = 93373
# variable set hash-table stats:
# Load=121/1024=12%, Rehash=0, Collisions=7/154=5%

# Pattern-specific Variable Values

# No pattern-specific variable values.

# Directories

# . (device 16777232, inode 39530072): 11 files, no impossibilities.

# 11 files, no impossibilities in 1 directories.

# Implicit Rules

# No implicit rules.

# Files

# Not a target:
all:
#  Command-line target.
#  Implicit rule search has been done.
#  File does not exist.
#  File has not been updated.
 
make: *** No rule to make target `all'.  Stop.

# variable set hash-table stats:
# Load=0/32=0%, Rehash=0, Collisions=0/0=0%

.PHONY: html help clean regenerate serve serve-global devserver publish ssh_upload rsync_upload github
#  Implicit rule search has not been done.
#  Modification time never checked.
#  File has not been updated.

serve-global:
#  Phony target (prerequisite of .PHONY).
#  Implicit rule search has not been done.
#  File does not exist.
#  File has not been updated.
#  commands to execute (from `Makefile', line 71):
	"$(PELICAN)" -l "$(INPUTDIR)" -o "$(OUTPUTDIR)" -s "$(CONFFILE)" $(PELICANOPTS) -b $(SERVER)
	

rsync_upload: publish
#  Phony target (prerequisite of .PHONY).
#  Implicit rule search has not been done.
#  File does not exist.
#  File has not been updated.
#  commands to execute (from `Makefile', line 89):
	rsync -e "ssh -p $(SSH_PORT)" -P -rvzc --include tags --cvs-exclude --delete "$(OUTPUTDIR)"/ "$(SSH_USER)@$(SSH_HOST):$(SSH_TARGET_DIR)"
	

# Not a target:
.SUFFIXES:
#  Implicit rule search has not been done.
#  Modification time never checked.
#  File has not been updated.

# Not a target:
Makefile:
#  Implicit rule search has been done.
#  Last modified 2022-06-26 13:55:04
#  File has been updated.
#  Successfully updated.
# variable set hash-table stats:
# Load=0/32=0%, Rehash=0, Collisions=0/0=0%

help:
#  Phony target (prerequisite of .PHONY).
#  Implicit rule search has not been done.
#  File does not exist.
#  File has not been updated.
#  commands to execute (from `Makefile', line 38):
	@echo 'Makefile for a pelican Web site                                           '
	@echo '                                                                          '
	@echo 'Usage:                                                                    '
	@echo '   make html                           (re)generate the web site          '
	@echo '   make clean                          remove the generated files         '
	@echo '   make regenerate                     regenerate files upon modification '
	@echo '   make publish                        generate using production settings '
	@echo '   make serve [PORT=8000]              serve site at http://localhost:8000'
	@echo '   make serve-global [SERVER=0.0.0.0]  serve (as root) to $(SERVER):80    '
	@echo '   make devserver [PORT=8000]          serve and regenerate together      '
	@echo '   make devserver-global               regenerate and serve on 0.0.0.0    '
	@echo '   make ssh_upload                     upload the web site via SSH        '
	@echo '   make sftp_upload                    upload the web site via SFTP       '
	@echo '   make rsync_upload                   upload the web site via rsync+ssh  '
	@echo '   make github                         upload the web site via gh-pages   '
	@echo '                                                                          '
	@echo 'Set the DEBUG variable to 1 to enable debugging, e.g. make DEBUG=1 html   '
	@echo 'Set the RELATIVE variable to 1 to enable relative urls                    '
	@echo '                                                                          '
	

ssh_upload: publish
#  Phony target (prerequisite of .PHONY).
#  Implicit rule search has not been done.
#  File does not exist.
#  File has not been updated.
#  commands to execute (from `Makefile', line 83):
	scp -P $(SSH_PORT) -r "$(OUTPUTDIR)"/* "$(SSH_USER)@$(SSH_HOST):$(SSH_TARGET_DIR)"
	

# Not a target:
.DEFAULT:
#  Implicit rule search has not been done.
#  Modification time never checked.
#  File has not been updated.

publish:
#  Phony target (prerequisite of .PHONY).
#  Implicit rule search has not been done.
#  File does not exist.
#  File has not been updated.
#  commands to execute (from `Makefile', line 80):
	"$(PELICAN)" "$(INPUTDIR)" -o "$(OUTPUTDIR)" -s "$(PUBLISHCONF)" $(PELICANOPTS)
	

devserver:
#  Phony target (prerequisite of .PHONY).
#  Implicit rule search has not been done.
#  File does not exist.
#  File has not been updated.
#  commands to execute (from `Makefile', line 74):
	"$(PELICAN)" -lr "$(INPUTDIR)" -o "$(OUTPUTDIR)" -s "$(CONFFILE)" $(PELICANOPTS)
	

clean:
#  Phony target (prerequisite of .PHONY).
#  Implicit rule search has not been done.
#  File does not exist.
#  File has not been updated.
#  commands to execute (from `Makefile', line 62):
	[ ! -d "$(OUTPUTDIR)" ] || rm -rf "$(OUTPUTDIR)"
	

regenerate:
#  Phony target (prerequisite of .PHONY).
#  Implicit rule search has not been done.
#  File does not exist.
#  File has not been updated.
#  commands to execute (from `Makefile', line 65):
	"$(PELICAN)" -r "$(INPUTDIR)" -o "$(OUTPUTDIR)" -s "$(CONFFILE)" $(PELICANOPTS)
	

html:
#  Phony target (prerequisite of .PHONY).
#  Implicit rule search has not been done.
#  File does not exist.
#  File has not been updated.
#  commands to execute (from `Makefile', line 59):
	"$(PELICAN)" "$(INPUTDIR)" -o "$(OUTPUTDIR)" -s "$(CONFFILE)" $(PELICANOPTS)
	

sftp_upload: publish
#  Implicit rule search has not been done.
#  Modification time never checked.
#  File has not been updated.
#  commands to execute (from `Makefile', line 86):
	printf 'put -r $(OUTPUTDIR)/*' | sftp $(SSH_USER)@$(SSH_HOST):$(SSH_TARGET_DIR)
	

serve:
#  Phony target (prerequisite of .PHONY).
#  Implicit rule search has not been done.
#  File does not exist.
#  File has not been updated.
#  commands to execute (from `Makefile', line 68):
	"$(PELICAN)" -l "$(INPUTDIR)" -o "$(OUTPUTDIR)" -s "$(CONFFILE)" $(PELICANOPTS)
	

devserver-global:
#  Implicit rule search has not been done.
#  Modification time never checked.
#  File has not been updated.
#  commands to execute (from `Makefile', line 77):
	$(PELICAN) -lr $(INPUTDIR) -o $(OUTPUTDIR) -s $(CONFFILE) $(PELICANOPTS) -b 0.0.0.0
	

github: publish
#  Phony target (prerequisite of .PHONY).
#  Implicit rule search has not been done.
#  File does not exist.
#  File has not been updated.
#  commands to execute (from `Makefile', line 92):
	ghp-import -m "Generate Pelican site" -b $(GITHUB_PAGES_BRANCH) "$(OUTPUTDIR)"
	git push origin $(GITHUB_PAGES_BRANCH)
	

# files hash-table stats:
# Load=18/1024=2%, Rehash=0, Collisions=0/45=0%
# VPATH Search Paths

# No `vpath' search paths.

# No general (`VPATH' variable) search path.

# # of strings in strcache: 1
# # of strcache buffers: 1
# strcache size: total = 4096 / max = 4096 / min = 4096 / avg = 4096
# strcache free: total = 4087 / max = 4087 / min = 4087 / avg = 4087

# Finished Make data base on Sun Jun 26 14:01:51 2022

 
